Build started 2/24/2015 1:32:51 PM.
     1>Project "C:\Users\nwtech\Documents\GitHub\ATM-Project\atm program\atm program\atm program.vcxproj" on node 2 (Build target(s)).
     1>ClCompile:
         C:\Program Files (x86)\Microsoft Visual Studio 12.0\VC\bin\CL.exe /c /Zi /nologo /W3 /WX- /sdl /O2 /Oi /Oy- /GL /D WIN32 /D NDEBUG /D _CONSOLE /D _LIB /D _UNICODE /D UNICODE /Gm- /EHsc /MD /GS /Gy /fp:precise /Zc:wchar_t /Zc:forScope /Yc"stdafx.h" /Fp"Release\atm program.pch" /Fo"Release\\" /Fd"Release\vc120.pdb" /Gd /TP /analyze- /errorReport:prompt stdafx.cpp
         stdafx.cpp
         C:\Program Files (x86)\Microsoft Visual Studio 12.0\VC\bin\CL.exe /c /Zi /nologo /W3 /WX- /sdl /O2 /Oi /Oy- /GL /D WIN32 /D NDEBUG /D _CONSOLE /D _LIB /D _UNICODE /D UNICODE /Gm- /EHsc /MD /GS /Gy /fp:precise /Zc:wchar_t /Zc:forScope /Yu"stdafx.h" /Fp"Release\atm program.pch" /Fo"Release\\" /Fd"Release\vc120.pdb" /Gd /TP /analyze- /errorReport:prompt "atm program.cpp" User.cpp
         atm program.cpp
     1>atm program.cpp(20): error C2679: binary '>>' : no operator found which takes a right-hand operand of type 'overloaded-function' (or there is no acceptable conversion)
                 C:\Program Files (x86)\Microsoft Visual Studio 12.0\VC\include\istream(485): could be 'std::basic_istream<char,std::char_traits<char>> &std::basic_istream<char,std::char_traits<char>>::operator >>(std::basic_streambuf<char,std::char_traits<char>> *)'
                 C:\Program Files (x86)\Microsoft Visual Studio 12.0\VC\include\istream(466): or       'std::basic_istream<char,std::char_traits<char>> &std::basic_istream<char,std::char_traits<char>>::operator >>(void *&)'
                 C:\Program Files (x86)\Microsoft Visual Studio 12.0\VC\include\istream(448): or       'std::basic_istream<char,std::char_traits<char>> &std::basic_istream<char,std::char_traits<char>>::operator >>(long double &)'
                 C:\Program Files (x86)\Microsoft Visual Studio 12.0\VC\include\istream(430): or       'std::basic_istream<char,std::char_traits<char>> &std::basic_istream<char,std::char_traits<char>>::operator >>(double &)'
                 C:\Program Files (x86)\Microsoft Visual Studio 12.0\VC\include\istream(411): or       'std::basic_istream<char,std::char_traits<char>> &std::basic_istream<char,std::char_traits<char>>::operator >>(float &)'
                 C:\Program Files (x86)\Microsoft Visual Studio 12.0\VC\include\istream(392): or       'std::basic_istream<char,std::char_traits<char>> &std::basic_istream<char,std::char_traits<char>>::operator >>(unsigned __int64 &)'
                 C:\Program Files (x86)\Microsoft Visual Studio 12.0\VC\include\istream(373): or       'std::basic_istream<char,std::char_traits<char>> &std::basic_istream<char,std::char_traits<char>>::operator >>(__int64 &)'
                 C:\Program Files (x86)\Microsoft Visual Studio 12.0\VC\include\istream(353): or       'std::basic_istream<char,std::char_traits<char>> &std::basic_istream<char,std::char_traits<char>>::operator >>(unsigned long &)'
                 C:\Program Files (x86)\Microsoft Visual Studio 12.0\VC\include\istream(335): or       'std::basic_istream<char,std::char_traits<char>> &std::basic_istream<char,std::char_traits<char>>::operator >>(long &)'
                 C:\Program Files (x86)\Microsoft Visual Studio 12.0\VC\include\istream(317): or       'std::basic_istream<char,std::char_traits<char>> &std::basic_istream<char,std::char_traits<char>>::operator >>(unsigned int &)'
                 C:\Program Files (x86)\Microsoft Visual Studio 12.0\VC\include\istream(291): or       'std::basic_istream<char,std::char_traits<char>> &std::basic_istream<char,std::char_traits<char>>::operator >>(int &)'
                 C:\Program Files (x86)\Microsoft Visual Studio 12.0\VC\include\istream(272): or       'std::basic_istream<char,std::char_traits<char>> &std::basic_istream<char,std::char_traits<char>>::operator >>(unsigned short &)'
                 C:\Program Files (x86)\Microsoft Visual Studio 12.0\VC\include\istream(237): or       'std::basic_istream<char,std::char_traits<char>> &std::basic_istream<char,std::char_traits<char>>::operator >>(short &)'
                 C:\Program Files (x86)\Microsoft Visual Studio 12.0\VC\include\istream(218): or       'std::basic_istream<char,std::char_traits<char>> &std::basic_istream<char,std::char_traits<char>>::operator >>(std::_Bool &)'
                 C:\Program Files (x86)\Microsoft Visual Studio 12.0\VC\include\istream(211): or       'std::basic_istream<char,std::char_traits<char>> &std::basic_istream<char,std::char_traits<char>>::operator >>(std::ios_base &(__cdecl *)(std::ios_base &))'
                 C:\Program Files (x86)\Microsoft Visual Studio 12.0\VC\include\istream(204): or       'std::basic_istream<char,std::char_traits<char>> &std::basic_istream<char,std::char_traits<char>>::operator >>(std::basic_ios<char,std::char_traits<char>> &(__cdecl *)(std::basic_ios<char,std::char_traits<char>> &))'
                 C:\Program Files (x86)\Microsoft Visual Studio 12.0\VC\include\istream(198): or       'std::basic_istream<char,std::char_traits<char>> &std::basic_istream<char,std::char_traits<char>>::operator >>(std::basic_istream<char,std::char_traits<char>> &(__cdecl *)(std::basic_istream<char,std::char_traits<char>> &))'
                 C:\Program Files (x86)\Microsoft Visual Studio 12.0\VC\include\string(135): or       'std::basic_istream<char,std::char_traits<char>> &std::operator >><char,std::char_traits<char>,std::allocator<char>>(std::basic_istream<char,std::char_traits<char>> &,std::basic_string<char,std::char_traits<char>,std::allocator<char>> &)'
                 C:\Program Files (x86)\Microsoft Visual Studio 12.0\VC\include\string(21): or       'std::basic_istream<char,std::char_traits<char>> &std::operator >><char,std::char_traits<char>,std::allocator<char>>(std::basic_istream<char,std::char_traits<char>> &&,std::basic_string<char,std::char_traits<char>,std::allocator<char>> &)'
         User.cpp
     1>c:\users\nwtech\documents\github\atm-project\atm program\atm program\User.h(7): error C2039: 'string' : is not a member of 'std'
     1>c:\users\nwtech\documents\github\atm-project\atm program\atm program\User.h(7): error C2146: syntax error : missing ';' before identifier 'setName'
     1>c:\users\nwtech\documents\github\atm-project\atm program\atm program\User.h(7): error C4430: missing type specifier - int assumed. Note: C++ does not support default-int
     1>c:\users\nwtech\documents\github\atm-project\atm program\atm program\User.h(7): error C2061: syntax error : identifier 'string'
     1>c:\users\nwtech\documents\github\atm-project\atm program\atm program\User.h(7): warning C4183: 'setName': missing return type; assumed to be a member function returning 'int'
     1>c:\users\nwtech\documents\github\atm-project\atm program\atm program\User.h(8): error C2039: 'string' : is not a member of 'std'
     1>c:\users\nwtech\documents\github\atm-project\atm program\atm program\User.h(8): error C2061: syntax error : identifier 'string'
     1>User.cpp(17): error C2511: 'std::string User::setName(std::string)' : overloaded member function not found in 'User'
                 c:\users\nwtech\documents\github\atm-project\atm program\atm program\User.h(3) : see declaration of 'User'
     1>User.cpp(42): error C2511: 'bool User::setDob(std::string)' : overloaded member function not found in 'User'
                 c:\users\nwtech\documents\github\atm-project\atm program\atm program\User.h(3) : see declaration of 'User'
     1>User.cpp(52): warning C4305: 'initializing' : truncation from '__int64' to 'long'
     1>User.cpp(52): warning C4309: 'initializing' : truncation of constant value
     1>Done Building Project "C:\Users\nwtech\Documents\GitHub\ATM-Project\atm program\atm program\atm program.vcxproj" (Build target(s)) -- FAILED.

Build FAILED.

Time Elapsed 00:00:00.67
